0 info it worked if it ends with ok
1 verbose cli [
1 verbose cli   'C:\\Program Files\\nodejs\\node.exe',
1 verbose cli   'C:\\Users\\vadugar\\AppData\\Roaming\\npm\\node_modules\\npm\\bin\\npm-cli.js',
1 verbose cli   'start'
1 verbose cli ]
2 info using npm@3.10.10
3 info using node@v12.14.1
4 verbose run-script [ 'prestart', 'start', 'poststart' ]
5 info lifecycle covid@1.0.0~prestart: covid@1.0.0
6 silly lifecycle covid@1.0.0~prestart: no script for prestart, continuing
7 info lifecycle covid@1.0.0~start: covid@1.0.0
8 verbose lifecycle covid@1.0.0~start: unsafe-perm in lifecycle true
9 verbose lifecycle covid@1.0.0~start: PATH: C:\Users\vadugar\AppData\Roaming\npm\node_modules\npm\bin\node-gyp-bin;C:\git\covid\node_modules\.bin;C:\WINDOWS\system32;C:\WINDOWS;C:\WINDOWS\System32\Wbem;C:\WINDOWS\System32\WindowsPowerShell\v1.0\;C:\WINDOWS\System32\OpenSSH\;C:\Program Files\Git\cmd;C:\ProgramData\chocolatey\bin;C:\Users\vadugar\AppData\Roaming\nvm;C:\Program Files\nodejs;C:\Program Files\Python\Scripts\;C:\Program Files\Python\;C:\Users\vadugar\AppData\Local\Programs\Python\Launcher\;C:\Users\vadugar\AppData\Local\Programs\Python\Python37-32;node_modules\npm\node_modules\npm-lifecycle\node-gyp-bin;C:\Users\vadugar\AppData\Roaming\npm\node_modules\windows-build-tools\node_modules\.bin;C:\Users\vadugar\AppData\Roaming\npm\node_modules\.bin;C:\WINDOWS\system32;C:\WINDOWS;C:\WINDOWS\System32\Wbem;C:\WINDOWS\System32\WindowsPowerShell\v1.0\;C:\WINDOWS\System32\OpenSSH\;C:\Program Files\Git\cmd;C:\ProgramData\chocolatey\bin;C:\Users\vadugar\.windows-build-tools\python27\;C:\Users\vadugar\AppData\Local\Microsoft\WindowsApps;C:\Users\vadugar\AppData\Local\Programs\Microsoft VS Code\bin;C:\Users\vadugar\AppData\Roaming\npm;C:\Users\vadugar\AppData\Local\Microsoft\WindowsApps;C:\Users\vadugar\AppData\Local\Programs\Fiddler;C:\Users\vadugar\AppData\Roaming\nvm;C:\Program Files\nodejs
10 verbose lifecycle covid@1.0.0~start: CWD: C:\git\covid
11 silly lifecycle covid@1.0.0~start: Args: [ '/d /s /c', 'next' ]
12 silly lifecycle covid@1.0.0~start: Returned: code: 3221225786  signal: null
13 info lifecycle covid@1.0.0~start: Failed to exec start script
14 verbose stack Error: covid@1.0.0 start: `next`
14 verbose stack Exit status 3221225786
14 verbose stack     at EventEmitter.<anonymous> (C:\Users\vadugar\AppData\Roaming\npm\node_modules\npm\lib\utils\lifecycle.js:255:16)
14 verbose stack     at EventEmitter.emit (events.js:223:5)
14 verbose stack     at ChildProcess.<anonymous> (C:\Users\vadugar\AppData\Roaming\npm\node_modules\npm\lib\utils\spawn.js:40:14)
14 verbose stack     at ChildProcess.emit (events.js:223:5)
14 verbose stack     at maybeClose (internal/child_process.js:1021:16)
14 verbose stack     at Process.ChildProcess._handle.onexit (internal/child_process.js:283:5)
15 verbose pkgid covid@1.0.0
16 verbose cwd C:\git\covid
17 error Windows_NT 10.0.18363
18 error argv "C:\\Program Files\\nodejs\\node.exe" "C:\\Users\\vadugar\\AppData\\Roaming\\npm\\node_modules\\npm\\bin\\npm-cli.js" "start"
19 error node v12.14.1
20 error npm  v3.10.10
21 error code ELIFECYCLE
22 error covid@1.0.0 start: `next`
22 error Exit status 3221225786
23 error Failed at the covid@1.0.0 start script 'next'.
23 error Make sure you have the latest version of node.js and npm installed.
23 error If you do, this is most likely a problem with the covid package,
23 error not with npm itself.
23 error Tell the author that this fails on your system:
23 error     next
23 error You can get information on how to open an issue for this project with:
23 error     npm bugs covid
23 error Or if that isn't available, you can get their info via:
23 error     npm owner ls covid
23 error There is likely additional logging output above.
24 verbose exit [ 1, true ]
